#
# There is insufficient memory for the Java Runtime Environment to continue.
# Native memory allocation (malloc) failed to allocate 32756 bytes for ChunkPool::allocate
# Possible reasons:
#   The system is out of physical RAM or swap space
#   In 32 bit mode, the process size limit was hit
# Possible solutions:
#   Reduce memory load on the system
#   Increase physical memory or swap space
#   Check if swap backing store is full
#   Use 64 bit Java on a 64 bit OS
#   Decrease Java heap size (-Xmx/-Xms)
#   Decrease number of Java threads
#   Decrease Java thread stack sizes (-Xss)
#   Set larger code cache with -XX:ReservedCodeCacheSize=
# This output file may be truncated or incomplete.
#
#  Out of Memory Error (allocation.cpp:273), pid=7252, tid=0x000004dc
#
# JRE version: Java(TM) SE Runtime Environment (8.0_102-b14) (build 1.8.0_102-b14)
# Java VM: Java HotSpot(TM) Client VM (25.102-b14 mixed mode windows-x86 )
# Failed to write core dump. 
#

---------------  T H R E A D  ---------------

Current thread (0x456aac00):  JavaThread "C1 CompilerThread0" daemon [_thread_in_native, id=1244, stack(0x45b90000,0x45be0000)]

Stack: [0x45b90000,0x45be0000],  sp=0x45bde950,  free space=314k
Native frames: (J=compiled Java code, j=interpreted, Vv=VM code, C=native code)
V  [jvm.dll+0x1a9dbb]
V  [jvm.dll+0x1bdf11]
V  [jvm.dll+0x1c0ccd]
V  [jvm.dll+0x1c2518]
C  [msvcr100.dll+0x5c556]
C  [msvcr100.dll+0x5c600]
C  [KERNEL32.DLL+0x17c04]
C  [ntdll.dll+0x5ad2f]
C  [ntdll.dll+0x5acfa]
C  0x00000000


Current CompileTask:
C1:4198982 5020             java.util.TreeMap::fixAfterInsertion (267 bytes)


---------------  P R O C E S S  ---------------

Java Threads: ( => current thread )
  0x48966400 JavaThread "DestroyJavaVM" [_thread_blocked, id=11220, stack(0x01240000,0x01290000)]
  0x48969800 JavaThread "http-nio-8080-Acceptor" daemon [_thread_in_native, id=10888, stack(0x4b8b0000,0x4b900000)]
  0x48969000 JavaThread "http-nio-8080-ClientPoller" daemon [_thread_in_native, id=8936, stack(0x4b820000,0x4b870000)]
  0x48968c00 JavaThread "http-nio-8080-exec-10" daemon [_thread_blocked, id=1632, stack(0x4b790000,0x4b7e0000)]
  0x48968400 JavaThread "http-nio-8080-exec-9" daemon [_thread_blocked, id=11212, stack(0x4b700000,0x4b750000)]
  0x48967c00 JavaThread "http-nio-8080-exec-8" daemon [_thread_blocked, id=8968, stack(0x4b670000,0x4b6c0000)]
  0x48967800 JavaThread "http-nio-8080-exec-7" daemon [_thread_blocked, id=8644, stack(0x4b5e0000,0x4b630000)]
  0x48964400 JavaThread "http-nio-8080-exec-6" daemon [_thread_blocked, id=9844, stack(0x4b550000,0x4b5a0000)]
  0x48965000 JavaThread "http-nio-8080-exec-5" daemon [_thread_blocked, id=10480, stack(0x4b3c0000,0x4b410000)]
  0x48963800 JavaThread "http-nio-8080-exec-4" daemon [_thread_blocked, id=2136, stack(0x4b330000,0x4b380000)]
  0x48966000 JavaThread "http-nio-8080-exec-3" daemon [_thread_blocked, id=8392, stack(0x4b2a0000,0x4b2f0000)]
  0x48967000 JavaThread "http-nio-8080-exec-2" daemon [_thread_blocked, id=8488, stack(0x4b210000,0x4b260000)]
  0x48963400 JavaThread "http-nio-8080-exec-1" daemon [_thread_blocked, id=8640, stack(0x4b180000,0x4b1d0000)]
  0x48965800 JavaThread "https-jsse-nio-8585-Acceptor" daemon [_thread_in_native, id=10884, stack(0x4b0f0000,0x4b140000)]
  0x48966c00 JavaThread "https-jsse-nio-8585-ClientPoller" daemon [_thread_in_native, id=172, stack(0x4b060000,0x4b0b0000)]
  0x48964000 JavaThread "https-jsse-nio-8585-exec-10" daemon [_thread_blocked, id=8916, stack(0x4afd0000,0x4b020000)]
  0x48964c00 JavaThread "https-jsse-nio-8585-exec-9" daemon [_thread_blocked, id=8152, stack(0x4af40000,0x4af90000)]
  0x46aec400 JavaThread "https-jsse-nio-8585-exec-8" daemon [_thread_blocked, id=10372, stack(0x4aeb0000,0x4af00000)]
  0x46aeb000 JavaThread "https-jsse-nio-8585-exec-7" daemon [_thread_blocked, id=6644, stack(0x4ae20000,0x4ae70000)]
  0x46aee800 JavaThread "https-jsse-nio-8585-exec-6" daemon [_thread_blocked, id=11044, stack(0x4ad90000,0x4ade0000)]
  0x46aecc00 JavaThread "https-jsse-nio-8585-exec-5" daemon [_thread_blocked, id=7076, stack(0x4ad00000,0x4ad50000)]
  0x46aee400 JavaThread "https-jsse-nio-8585-exec-4" daemon [_thread_blocked, id=6208, stack(0x4ac70000,0x4acc0000)]
  0x46aedc00 JavaThread "https-jsse-nio-8585-exec-3" daemon [_thread_blocked, id=9836, stack(0x4abe0000,0x4ac30000)]
  0x46aed800 JavaThread "https-jsse-nio-8585-exec-2" daemon [_thread_blocked, id=6616, stack(0x4ab50000,0x4aba0000)]
  0x48896800 JavaThread "https-jsse-nio-8585-exec-1" daemon [_thread_blocked, id=6864, stack(0x4aac0000,0x4ab10000)]
  0x48896400 JavaThread "https-jsse-nio-8585-BlockPoller" daemon [_thread_in_native, id=3772, stack(0x4aa30000,0x4aa80000)]
  0x48ac3800 JavaThread "scheduling-1" [_thread_blocked, id=10728, stack(0x4a9a0000,0x4a9f0000)]
  0x45fbd400 JavaThread "mysql-cj-abandoned-connection-cleanup" daemon [_thread_blocked, id=8668, stack(0x494f0000,0x49540000)]
  0x47e88800 JavaThread "container-0" [_thread_blocked, id=5192, stack(0x49460000,0x494b0000)]
  0x47e88400 JavaThread "Catalina-utility-2" [_thread_blocked, id=9992, stack(0x493d0000,0x49420000)]
  0x45fd6400 JavaThread "Catalina-utility-1" [_thread_blocked, id=8436, stack(0x49340000,0x49390000)]
  0x47e04800 JavaThread "http-nio-8080-BlockPoller" daemon [_thread_in_native, id=10532, stack(0x46f00000,0x46f50000)]
  0x456a1400 JavaThread "Service Thread" daemon [_thread_blocked, id=7356, stack(0x45c20000,0x45c70000)]
=>0x456aac00 JavaThread "C1 CompilerThread0" daemon [_thread_in_native, id=1244, stack(0x45b90000,0x45be0000)]
  0x456a9400 JavaThread "Attach Listener" daemon [_thread_blocked, id=7680, stack(0x45b00000,0x45b50000)]
  0x456a7000 JavaThread "Signal Dispatcher" daemon [_thread_blocked, id=7828, stack(0x45a70000,0x45ac0000)]
  0x45688c00 JavaThread "Finalizer" daemon [_thread_blocked, id=7684, stack(0x45900000,0x45950000)]
  0x02e6e800 JavaThread "Reference Handler" daemon [_thread_blocked, id=10512, stack(0x45870000,0x458c0000)]

Other Threads:
  0x02e6bc00 VMThread [stack: 0x02c20000,0x02c70000] [id=9676]
  0x456a4800 WatcherThread [stack: 0x45cb0000,0x45d00000] [id=10300]

VM state:not at safepoint (normal execution)

VM Mutex/Monitor currently owned by a thread: None

Heap:
 def new generation   total 157376K, used 86262K [0x05000000, 0x0fac0000, 0x1a550000)
  eden space 139904K,  55% used [0x05000000, 0x09c603f8, 0x0d8a0000)
  from space 17472K,  46% used [0x0e9b0000, 0x0f18d498, 0x0fac0000)
  to   space 17472K,   0% used [0x0d8a0000, 0x0d8a0000, 0x0e9b0000)
 tenured generation   total 349568K, used 33846K [0x1a550000, 0x2fab0000, 0x45000000)
   the space 349568K,   9% used [0x1a550000, 0x1c65dbc0, 0x1c65dc00, 0x2fab0000)
 Metaspace       used 48518K, capacity 50286K, committed 50304K, reserved 50560K

Card table byte_map: [0x45000000,0x45210000] byte_map_base: 0x44fd8000

Polling page: 0x011f0000

CodeCache: size=32768Kb used=7136Kb max_used=8499Kb free=25631Kb
 bounds [0x02e70000, 0x036c0000, 0x04e70000]
 total_blobs=4222 nmethods=3763 adapters=388
 compilation: enabled

Compilation events (10 events):
Event: 3797.620 Thread 0x456aac00 nmethod 5015 0x030fac08 code [0x030fad30, 0x030fb038]
Event: 3807.636 Thread 0x456aac00 5016             org.apache.catalina.mapper.MapperListener::lifecycleEvent (178 bytes)
Event: 3807.636 Thread 0x456aac00 nmethod 5016 0x031137c8 code [0x031139d0, 0x03113fd4]
Event: 3817.651 Thread 0x456aac00 5017   !         org.apache.catalina.core.ContainerBase::getClusterInternal (38 bytes)
Event: 3817.652 Thread 0x456aac00 nmethod 5017 0x02fab208 code [0x02fab350, 0x02fab558]
Event: 3817.652 Thread 0x456aac00 5018   !         org.apache.catalina.core.ContainerBase::getRealmInternal (38 bytes)
Event: 3817.652 Thread 0x456aac00 nmethod 5018 0x02ffe8c8 code [0x02ffea10, 0x02ffec18]
Event: 3990.963 Thread 0x456aac00 5019             java.util.concurrent.locks.ReentrantLock$NonfairSync::lock (25 bytes)
Event: 3990.963 Thread 0x456aac00 nmethod 5019 0x03108a08 code [0x03108b30, 0x03108ca0]
Event: 4198.243 Thread 0x456aac00 5020             java.util.TreeMap::fixAfterInsertion (267 bytes)

GC Heap History (10 events):
Event: 14.831 GC heap before
{Heap before GC invocations=20 (full 3):
 def new generation   total 157376K, used 146254K [0x05000000, 0x0fac0000, 0x1a550000)
  eden space 139904K, 100% used [0x05000000, 0x0d8a0000, 0x0d8a0000)
  from space 17472K,  36% used [0x0d8a0000, 0x0ded38a8, 0x0e9b0000)
  to   space 17472K,   0% used [0x0e9b0000, 0x0e9b0000, 0x0fac0000)
 tenured generation   total 349568K, used 27889K [0x1a550000, 0x2fab0000, 0x45000000)
   the space 349568K,   7% used [0x1a550000, 0x1c08c7f0, 0x1c08c800, 0x2fab0000)
 Metaspace       used 46077K, capacity 47678K, committed 47744K, reserved 48512K
Event: 14.852 GC heap after
Heap after GC invocations=21 (full 3):
 def new generation   total 157376K, used 8841K [0x05000000, 0x0fac0000, 0x1a550000)
  eden space 139904K,   0% used [0x05000000, 0x05000000, 0x0d8a0000)
  from space 17472K,  50% used [0x0e9b0000, 0x0f252550, 0x0fac0000)
  to   space 17472K,   0% used [0x0d8a0000, 0x0d8a0000, 0x0e9b0000)
 tenured generation   total 349568K, used 27889K [0x1a550000, 0x2fab0000, 0x45000000)
   the space 349568K,   7% used [0x1a550000, 0x1c08c7f0, 0x1c08c800, 0x2fab0000)
 Metaspace       used 46077K, capacity 47678K, committed 47744K, reserved 48512K
}
Event: 29.474 GC heap before
{Heap before GC invocations=21 (full 3):
 def new generation   total 157376K, used 148745K [0x05000000, 0x0fac0000, 0x1a550000)
  eden space 139904K, 100% used [0x05000000, 0x0d8a0000, 0x0d8a0000)
  from space 17472K,  50% used [0x0e9b0000, 0x0f252550, 0x0fac0000)
  to   space 17472K,   0% used [0x0d8a0000, 0x0d8a0000, 0x0e9b0000)
 tenured generation   total 349568K, used 27889K [0x1a550000, 0x2fab0000, 0x45000000)
   the space 349568K,   7% used [0x1a550000, 0x1c08c7f0, 0x1c08c800, 0x2fab0000)
 Metaspace       used 47454K, capacity 49095K, committed 49152K, reserved 49536K
Event: 29.501 GC heap after
Heap after GC invocations=22 (full 3):
 def new generation   total 157376K, used 9104K [0x05000000, 0x0fac0000, 0x1a550000)
  eden space 139904K,   0% used [0x05000000, 0x05000000, 0x0d8a0000)
  from space 17472K,  52% used [0x0d8a0000, 0x0e184020, 0x0e9b0000)
  to   space 17472K,   0% used [0x0e9b0000, 0x0e9b0000, 0x0fac0000)
 tenured generation   total 349568K, used 30389K [0x1a550000, 0x2fab0000, 0x45000000)
   the space 349568K,   8% used [0x1a550000, 0x1c2fd760, 0x1c2fd800, 0x2fab0000)
 Metaspace       used 47454K, capacity 49095K, committed 49152K, reserved 49536K
}
Event: 30.970 GC heap before
{Heap before GC invocations=22 (full 3):
 def new generation   total 157376K, used 149008K [0x05000000, 0x0fac0000, 0x1a550000)
  eden space 139904K, 100% used [0x05000000, 0x0d8a0000, 0x0d8a0000)
  from space 17472K,  52% used [0x0d8a0000, 0x0e184020, 0x0e9b0000)
  to   space 17472K,   0% used [0x0e9b0000, 0x0e9b0000, 0x0fac0000)
 tenured generation   total 349568K, used 30389K [0x1a550000, 0x2fab0000, 0x45000000)
   the space 349568K,   8% used [0x1a550000, 0x1c2fd760, 0x1c2fd800, 0x2fab0000)
 Metaspace       used 47828K, capacity 49468K, committed 49536K, reserved 49536K
Event: 30.997 GC heap after
Heap after GC invocations=23 (full 3):
 def new generation   total 157376K, used 8877K [0x05000000, 0x0fac0000, 0x1a550000)
  eden space 139904K,   0% used [0x05000000, 0x05000000, 0x0d8a0000)
  from space 17472K,  50% used [0x0e9b0000, 0x0f25b4b8, 0x0fac0000)
  to   space 17472K,   0% used [0x0d8a0000, 0x0d8a0000, 0x0e9b0000)
 tenured generation   total 349568K, used 32118K [0x1a550000, 0x2fab0000, 0x45000000)
   the space 349568K,   9% used [0x1a550000, 0x1c4ad868, 0x1c4ada00, 0x2fab0000)
 Metaspace       used 47828K, capacity 49468K, committed 49536K, reserved 49536K
}
Event: 72.372 GC heap before
{Heap before GC invocations=23 (full 3):
 def new generation   total 157376K, used 148781K [0x05000000, 0x0fac0000, 0x1a550000)
  eden space 139904K, 100% used [0x05000000, 0x0d8a0000, 0x0d8a0000)
  from space 17472K,  50% used [0x0e9b0000, 0x0f25b4b8, 0x0fac0000)
  to   space 17472K,   0% used [0x0d8a0000, 0x0d8a0000, 0x0e9b0000)
 tenured generation   total 349568K, used 32118K [0x1a550000, 0x2fab0000, 0x45000000)
   the space 349568K,   9% used [0x1a550000, 0x1c4ad868, 0x1c4ada00, 0x2fab0000)
 Metaspace       used 48463K, capacity 50221K, committed 50304K, reserved 50560K
Event: 72.392 GC heap after
Heap after GC invocations=24 (full 3):
 def new generation   total 157376K, used 8042K [0x05000000, 0x0fac0000, 0x1a550000)
  eden space 139904K,   0% used [0x05000000, 0x05000000, 0x0d8a0000)
  from space 17472K,  46% used [0x0d8a0000, 0x0e07a970, 0x0e9b0000)
  to   space 17472K,   0% used [0x0e9b0000, 0x0e9b0000, 0x0fac0000)
 tenured generation   total 349568K, used 33846K [0x1a550000, 0x2fab0000, 0x45000000)
   the space 349568K,   9% used [0x1a550000, 0x1c65dbc0, 0x1c65dc00, 0x2fab0000)
 Metaspace       used 48463K, capacity 50221K, committed 50304K, reserved 50560K
}
Event: 1542.226 GC heap before
{Heap before GC invocations=24 (full 3):
 def new generation   total 157376K, used 147946K [0x05000000, 0x0fac0000, 0x1a550000)
  eden space 139904K, 100% used [0x05000000, 0x0d8a0000, 0x0d8a0000)
  from space 17472K,  46% used [0x0d8a0000, 0x0e07a970, 0x0e9b0000)
  to   space 17472K,   0% used [0x0e9b0000, 0x0e9b0000, 0x0fac0000)
 tenured generation   total 349568K, used 33846K [0x1a550000, 0x2fab0000, 0x45000000)
   the space 349568K,   9% used [0x1a550000, 0x1c65dbc0, 0x1c65dc00, 0x2fab0000)
 Metaspace       used 48494K, capacity 50244K, committed 50304K, reserved 50560K
Event: 1542.241 GC heap after
Heap after GC invocations=25 (full 3):
 def new generation   total 157376K, used 8053K [0x05000000, 0x0fac0000, 0x1a550000)
  eden space 139904K,   0% used [0x05000000, 0x05000000, 0x0d8a0000)
  from space 17472K,  46% used [0x0e9b0000, 0x0f18d498, 0x0fac0000)
  to   space 17472K,   0% used [0x0d8a0000, 0x0d8a0000, 0x0e9b0000)
 tenured generation   total 349568K, used 33846K [0x1a550000, 0x2fab0000, 0x45000000)
   the space 349568K,   9% used [0x1a550000, 0x1c65dbc0, 0x1c65dc00, 0x2fab0000)
 Metaspace       used 48494K, capacity 50244K, committed 50304K, reserved 50560K
}

Deoptimization events (0 events):
No events

Internal exceptions (10 events):
Event: 35.295 Thread 0x46aee400 Exception <a 'java/lang/NoSuchMethodError': java.lang.Object.lambda$mapIfAllPresent$6(Ljava/util/Optional;Ljava/util/function/BiFunction;Ljava/lang/Object;)Ljava/util/Optional;> (0x05c96a28) thrown at [C:\re\workspace\8-2-build-windows-i586-cygwin\jdk8u102ñ–>"™·
Event: 35.295 Thread 0x46aee400 Exception <a 'java/lang/NoSuchMethodError': java.lang.Object.lambda$null$5(Ljava/util/function/BiFunction;Ljava/lang/Object;Ljava/lang/Object;)Ljava/lang/Object;> (0x05c9af58) thrown at [C:\re\workspace\8-2-build-windows-i586-cygwin\jdk8u102\7268\hotspot\s-ï™*Ê©A@
Event: 35.326 Thread 0x46aee400 Exception <a 'java/lang/ArrayIndexOutOfBoundsException'> (0x05d31268) thrown at [C:\re\workspace\8-2-build-windows-i586-cygwin\jdk8u102\7268\hotspot\src\share\vm\runtime\sharedRuntime.cpp, line 605]
Event: 35.353 Thread 0x46aee400 Exception <a 'java/lang/ArrayIndexOutOfBoundsException'> (0x0605d250) thrown at [C:\re\workspace\8-2-build-windows-i586-cygwin\jdk8u102\7268\hotspot\src\share\vm\runtime\sharedRuntime.cpp, line 605]
Event: 35.370 Thread 0x46aee400 Exception <a 'java/lang/ArrayIndexOutOfBoundsException'> (0x06144088) thrown at [C:\re\workspace\8-2-build-windows-i586-cygwin\jdk8u102\7268\hotspot\src\share\vm\runtime\sharedRuntime.cpp, line 605]
Event: 35.416 Thread 0x46aee400 Exception <a 'java/lang/ClassNotFoundException': java/lang/ObjectCustomizer> (0x064ff580) thrown at [C:\re\workspace\8-2-build-windows-i586-cygwin\jdk8u102\7268\hotspot\src\share\vm\classfile\systemDictionary.cpp, line 210]
Event: 35.416 Thread 0x46aee400 Exception <a 'java/lang/ArrayIndexOutOfBoundsException'> (0x06502770) thrown at [C:\re\workspace\8-2-build-windows-i586-cygwin\jdk8u102\7268\hotspot\src\share\vm\runtime\sharedRuntime.cpp, line 605]
Event: 35.418 Thread 0x46aee400 Exception <a 'java/lang/ClassNotFoundException': com/bizz/customersupport/web/dto/DailyTaskDtoCustomizer> (0x0658fc00) thrown at [C:\re\workspace\8-2-build-windows-i586-cygwin\jdk8u102\7268\hotspot\src\share\vm\classfile\systemDictionary.cpp, line 210]
Event: 71.319 Thread 0x46aec400 Exception <a 'java/lang/ClassNotFoundException': java/lang/ObjectCustomizer> (0x09feff58) thrown at [C:\re\workspace\8-2-build-windows-i586-cygwin\jdk8u102\7268\hotspot\src\share\vm\classfile\systemDictionary.cpp, line 210]
Event: 71.320 Thread 0x46aec400 Exception <a 'java/lang/ClassNotFoundException': com/bizz/customersupport/entities/DailyTaskCustomizer> (0x0a07e3b8) thrown at [C:\re\workspace\8-2-build-windows-i586-cygwin\jdk8u102\7268\hotspot\src\share\vm\classfile\systemDictionary.cpp, line 210]

Events (10 events):
Event: 3511.966 Thread 0x456aac00 flushing nmethod 0x0312ea08
Event: 3511.968 Thread 0x456aac00 flushing nmethod 0x0312f108
Event: 3511.968 Thread 0x456aac00 flushing nmethod 0x0312fb08
Event: 3511.968 Thread 0x456aac00 flushing nmethod 0x03130948
Event: 3511.968 Thread 0x456aac00 flushing nmethod 0x03131348
Event: 3511.968 Thread 0x456aac00 flushing nmethod 0x03131548
Event: 3511.968 Thread 0x456aac00 flushing nmethod 0x03134f88
Event: 3511.968 Thread 0x456aac00 flushing nmethod 0x031354c8
Event: 3511.968 Thread 0x456aac00 flushing nmethod 0x03135748
Event: 3511.968 Thread 0x456aac00 flushing nmethod 0x031359c8


Dynamic libraries:
0x01130000 - 0x01163000 	D:\TNETS\Server\Java8\JDK\bin\java.exe
0x77ac0000 - 0x77c2f000 	C:\Windows\SYSTEM32\ntdll.dll
0x772e0000 - 0x77420000 	C:\Windows\SYSTEM32\KERNEL32.DLL
0x75370000 - 0x75447000 	C:\Windows\SYSTEM32\KERNELBASE.dll
0x74030000 - 0x740d0000 	C:\Windows\system32\apphelp.dll
0x72310000 - 0x72576000 	C:\Windows\AppPatch\AcGenral.DLL
0x77550000 - 0x77613000 	C:\Windows\SYSTEM32\msvcrt.dll
0x77620000 - 0x77661000 	C:\Windows\SYSTEM32\sechost.dll
0x770f0000 - 0x7710e000 	C:\Windows\SYSTEM32\SspiCli.dll
0x76d60000 - 0x76da5000 	C:\Windows\SYSTEM32\SHLWAPI.dll
0x74990000 - 0x74a7d000 	C:\Windows\SYSTEM32\UxTheme.dll
0x76bc0000 - 0x76d13000 	C:\Windows\SYSTEM32\USER32.dll
0x76e50000 - 0x76f5c000 	C:\Windows\SYSTEM32\GDI32.dll
0x74000000 - 0x74023000 	C:\Windows\SYSTEM32\WINMM.dll
0x74600000 - 0x74613000 	C:\Windows\SYSTEM32\samcli.dll
0x76f60000 - 0x77089000 	C:\Windows\SYSTEM32\ole32.dll
0x76db0000 - 0x76e47000 	C:\Windows\SYSTEM32\OLEAUT32.dll
0x73fe0000 - 0x73ff7000 	C:\Windows\SYSTEM32\MSACM32.dll
0x75230000 - 0x75238000 	C:\Windows\SYSTEM32\VERSION.dll
0x75900000 - 0x76bbb000 	C:\Windows\SYSTEM32\SHELL32.dll
0x74b40000 - 0x74b5b000 	C:\Windows\SYSTEM32\USERENV.dll
0x74ae0000 - 0x74afa000 	C:\Windows\SYSTEM32\dwmapi.dll
0x72580000 - 0x726cb000 	C:\Windows\SYSTEM32\urlmon.dll
0x75540000 - 0x755bc000 	C:\Windows\SYSTEM32\ADVAPI32.dll
0x73f70000 - 0x73fd5000 	C:\Windows\SYSTEM32\WINSPOOL.DRV
0x750f0000 - 0x75106000 	C:\Windows\SYSTEM32\MPR.dll
0x77190000 - 0x7724a000 	C:\Windows\SYSTEM32\RPCRT4.dll
0x752a0000 - 0x752aa000 	C:\Windows\SYSTEM32\CRYPTBASE.dll
0x77800000 - 0x7797d000 	C:\Windows\SYSTEM32\combase.dll
0x73e80000 - 0x73ea3000 	C:\Windows\SYSTEM32\WINMMBASE.dll
0x74b20000 - 0x74b2f000 	C:\Windows\SYSTEM32\profapi.dll
0x74b60000 - 0x74d95000 	C:\Windows\SYSTEM32\iertutil.dll
0x74e10000 - 0x750bb000 	C:\Windows\SYSTEM32\WININET.dll
0x75240000 - 0x75294000 	C:\Windows\SYSTEM32\bcryptPrimitives.dll
0x77150000 - 0x7718c000 	C:\Windows\SYSTEM32\cfgmgr32.dll
0x73e50000 - 0x73e71000 	C:\Windows\SYSTEM32\DEVOBJ.dll
0x73cc0000 - 0x73d4b000 	C:\Windows\SYSTEM32\SHCORE.DLL
0x76d30000 - 0x76d57000 	C:\Windows\system32\IMM32.DLL
0x77420000 - 0x77532000 	C:\Windows\SYSTEM32\MSCTF.dll
0x70bf0000 - 0x70df6000 	C:\Windows\WinSxS\x86_microsoft.windows.common-controls_6595b64144ccf1df_6.0.9600.18006_none_a9ec6aab013aafee\COMCTL32.dll
0x73d90000 - 0x73e4f000 	D:\TNETS\Server\Java8\JDK\jre\bin\msvcr100.dll
0x71f40000 - 0x7230d000 	D:\TNETS\Server\Java8\JDK\jre\bin\client\jvm.dll
0x73cb0000 - 0x73cb8000 	C:\Windows\SYSTEM32\WSOCK32.dll
0x77540000 - 0x77546000 	C:\Windows\SYSTEM32\PSAPI.DLL
0x77090000 - 0x770df000 	C:\Windows\SYSTEM32\WS2_32.dll
0x76d20000 - 0x76d27000 	C:\Windows\SYSTEM32\NSI.dll
0x739a0000 - 0x739ac000 	D:\TNETS\Server\Java8\JDK\jre\bin\verify.dll
0x73970000 - 0x73991000 	D:\TNETS\Server\Java8\JDK\jre\bin\java.dll
0x73930000 - 0x73943000 	D:\TNETS\Server\Java8\JDK\jre\bin\zip.dll
0x73920000 - 0x7392a000 	D:\TNETS\Server\Java8\JDK\jre\bin\management.dll
0x73900000 - 0x73916000 	D:\TNETS\Server\Java8\JDK\jre\bin\net.dll
0x751e0000 - 0x7522b000 	C:\Windows\system32\mswsock.dll
0x73c90000 - 0x73ca1000 	C:\Windows\system32\napinsp.dll
0x73c70000 - 0x73c84000 	C:\Windows\system32\NLAapi.dll
0x73bf0000 - 0x73c6e000 	C:\Windows\SYSTEM32\DNSAPI.dll
0x73be0000 - 0x73bea000 	C:\Windows\System32\winrnr.dll
0x73b80000 - 0x73b88000 	C:\Windows\System32\rasadhlp.dll
0x74df0000 - 0x74e10000 	C:\Windows\SYSTEM32\IPHLPAPI.DLL
0x74b30000 - 0x74b38000 	C:\Windows\SYSTEM32\WINNSI.DLL
0x73b90000 - 0x73bd6000 	C:\Windows\System32\fwpuclnt.dll
0x738f0000 - 0x738ff000 	D:\TNETS\Server\Java8\JDK\jre\bin\nio.dll
0x741a0000 - 0x741b9000 	C:\Windows\SYSTEM32\CRYPTSP.dll
0x74160000 - 0x74190000 	C:\Windows\system32\rsaenh.dll
0x740d0000 - 0x740ee000 	C:\Windows\SYSTEM32\bcrypt.dll
0x738d0000 - 0x738e3000 	C:\Windows\SYSTEM32\dhcpcsvc6.DLL
0x73d50000 - 0x73d64000 	C:\Windows\SYSTEM32\dhcpcsvc.DLL
0x738b0000 - 0x738d0000 	D:\TNETS\Server\Java8\JDK\jre\bin\sunec.dll
0x738a0000 - 0x738a9000 	D:\TNETS\Server\Java8\JDK\jre\bin\sunmscapi.dll
0x77670000 - 0x777f8000 	C:\Windows\SYSTEM32\CRYPT32.dll
0x770e0000 - 0x770ee000 	C:\Windows\SYSTEM32\MSASN1.dll

VM Arguments:
jvm_args: -Xms512m -Xmx1024m 
java_command: target\TicketTracker360.jar
java_class_path (initial): target\TicketTracker360.jar
Launcher Type: SUN_STANDARD

Environment Variables:
JAVA_HOME=D:\TNETS\Server\Java8\JDK
CLASSPATH=.
PATH=C:\ProgramData\Oracle\Java\javapath;C:\Windows\system32;C:\Windows;C:\Windows\System32\Wbem;C:\Windows\System32\WindowsPowerShell\v1.0\;C:\Program Files\Amazon\cfn-bootstrap\;D:\TNETS\Server\Java8\JDK\bin;C:\Program Files\MySQL\MySQL Server 8.0\bin;C:\Program Files\VisualSVN Server\bin;D:\TNETS\Apps\apache-maven-3.2.1\bin;D:\TNETS\Apps\apache-ant-1.6.5\bin;C:\Program Files\TortoiseSVN\bin;M:\Program Files (x86)\Microsoft SQL Server\110\Tools\Binn\;M:\Program Files\Microsoft SQL Server\110\Tools\Binn\;M:\Program Files\Microsoft SQL Server\110\DTS\Binn\;M:\Program Files (x86)\Microsoft SQL Server\150\DTS\Binn\;C:\Program Files\Azure Data Studio\bin;C:\Program Files\Git\cmd;C:\Program Files\Amazon\AWSCLIV2\;C:\Program Files\PuTTY\;C:\Program Files\MySQL\MySQL Server 8.0\bin;C:\Strawberry\c\bin;C:\Strawberry\perl\site\bin;C:\Strawberry\perl\bin;C:\Program Files\Microsoft\Web Platform Installer\;C:\Program Files\Azure Data Studio\bin;C:\Users\it.support\AppData\Local\GitHubDesktop\bin
USERNAME=tnetsawsadmin
OS=Windows_NT
PROCESSOR_IDENTIFIER=Intel64 Family 6 Model 85 Stepping 4, GenuineIntel



---------------  S Y S T E M  ---------------

OS: Windows Server 2012 R2 , 64 bit Build 9600 (6.3.9600.17415)

CPU:total 4 (2 cores per cpu, 2 threads per core) family 6 model 85 stepping 4, cmov, cx8, fxsr, mmx, sse, sse2, sse3, ssse3, sse4.1, sse4.2, popcnt, avx, avx2, aes, clmul, erms, rtm, 3dnowpref, lzcnt, ht, tsc, tscinvbit, bmi1, bmi2, adx

Memory: 4k page, physical 16295452k(140780k free), swap 24684060k(3748k free)

vm_info: Java HotSpot(TM) Client VM (25.102-b14) for windows-x86 JRE (1.8.0_102-b14), built on Jun 22 2016 13:13:29 by "java_re" with MS VC++ 10.0 (VS2010)

time: Wed Sep 21 22:50:09 2022
elapsed time: 4198 seconds (0d 1h 9m 58s)

